[debug] [2026-06-26T15:22:18.400Z] ----------------------------------------------------------------------
[debug] [2026-06-26T15:22:18.402Z] Command:       C:\Program Files\nodejs\node.exe C:\Users\justi\AppData\Roaming\npm\node_modules\firebase-tools\lib\bin\firebase.js deploy --only hosting
[debug] [2026-06-26T15:22:18.402Z] CLI Version:   15.22.0
[debug] [2026-06-26T15:22:18.402Z] Platform:      win32
[debug] [2026-06-26T15:22:18.402Z] Node Version:  v24.16.0
[debug] [2026-06-26T15:22:18.402Z] Detected Agent: unknown
[debug] [2026-06-26T15:22:18.402Z] Time:          Fri Jun 26 2026 11:22:18 GMT-0400 (Eastern Daylight Time)
[debug] [2026-06-26T15:22:18.402Z] ----------------------------------------------------------------------
[debug] 
[debug] [2026-06-26T15:22:18.404Z] >>> [apiv2][query] GET https://firebase-public.firebaseio.com/cli.json [none]
[debug] [2026-06-26T15:22:20.189Z] > command requires scopes: ["email","openid","https://www.googleapis.com/auth/cloudplatformprojects.readonly","https://www.googleapis.com/auth/firebase","https://www.googleapis.com/auth/cloud-platform"]
[debug] [2026-06-26T15:22:20.190Z] > authorizing via signed-in user (ldspick1eq@gmail.com)
[debug] [2026-06-26T15:22:20.190Z] [iam] checking project famlee-dinner-374bd for permissions ["firebase.projects.get","firebasehosting.sites.update"]
[debug] [2026-06-26T15:22:20.191Z] Checked if tokens are valid: false, expires at: 1782478622676
[debug] [2026-06-26T15:22:20.191Z] Checked if tokens are valid: false, expires at: 1782478622676
[debug] [2026-06-26T15:22:20.191Z] > refreshing access token with scopes: []
[debug] [2026-06-26T15:22:20.192Z] >>> [apiv2][query] POST https://www.googleapis.com/oauth2/v3/token [none]
[debug] [2026-06-26T15:22:20.192Z] >>> [apiv2][body] POST https://www.googleapis.com/oauth2/v3/token [omitted]
[debug] [2026-06-26T15:22:20.429Z] <<< [apiv2][status] GET https://firebase-public.firebaseio.com/cli.json 200
[debug] [2026-06-26T15:22:20.429Z] <<< [apiv2][body] GET https://firebase-public.firebaseio.com/cli.json {"cloudBuildErrorAfter":1594252800000,"cloudBuildWarnAfter":1590019200000,"defaultNode10After":1594252800000,"minVersion":"3.0.5","node8DeploysDisabledAfter":1613390400000,"node8RuntimeDisabledAfter":1615809600000,"node8WarnAfter":1600128000000}
[debug] [2026-06-26T15:22:20.440Z] <<< [apiv2][status] POST https://www.googleapis.com/oauth2/v3/token 200
[debug] [2026-06-26T15:22:20.441Z] <<< [apiv2][body] POST https://www.googleapis.com/oauth2/v3/token [omitted]
[debug] [2026-06-26T15:22:20.450Z] >>> [apiv2][query] POST https://cloudresourcemanager.googleapis.com/v1/projects/famlee-dinner-374bd:testIamPermissions [none]
[debug] [2026-06-26T15:22:20.450Z] >>> [apiv2][(partial)header] POST https://cloudresourcemanager.googleapis.com/v1/projects/famlee-dinner-374bd:testIamPermissions  x-goog-user-project=famlee-dinner-374bd
[debug] [2026-06-26T15:22:20.450Z] >>> [apiv2][body] POST https://cloudresourcemanager.googleapis.com/v1/projects/famlee-dinner-374bd:testIamPermissions {"permissions":["firebase.projects.get","firebasehosting.sites.update"]}
[debug] [2026-06-26T15:22:20.786Z] <<< [apiv2][status] POST https://cloudresourcemanager.googleapis.com/v1/projects/famlee-dinner-374bd:testIamPermissions 403
[debug] [2026-06-26T15:22:20.787Z] <<< [apiv2][body] POST https://cloudresourcemanager.googleapis.com/v1/projects/famlee-dinner-374bd:testIamPermissions {"error":{"code":403,"message":"Caller does not have required permission to use project famlee-dinner-374bd. Grant the caller the roles/serviceusage.serviceUsageConsumer role, or a custom role with the serviceusage.services.use permission, by visiting https://console.developers.google.com/iam-admin/iam?project=famlee-dinner-374bd and then retry. Propagation of the new permission may take a few minutes.","status":"PERMISSION_DENIED","details":[{"@type":"type.googleapis.com/google.rpc.ErrorInfo","reason":"USER_PROJECT_DENIED","domain":"googleapis.com","metadata":{"consoleUrl":"https://console.developers.google.com/iam-admin/iam?project=famlee-dinner-374bd","consumer":"projects/famlee-dinner-374bd","containerInfo":"famlee-dinner-374bd","service":"cloudresourcemanager.googleapis.com"}},{"@type":"type.googleapis.com/google.rpc.LocalizedMessage","locale":"en-US","message":"Caller does not have required permission to use project famlee-dinner-374bd. Grant the caller the roles/serviceusage.serviceUsageConsumer role, or a custom role with the serviceusage.services.use permission, by visiting https://console.developers.google.com/iam-admin/iam?project=famlee-dinner-374bd and then retry. Propagation of the new permission may take a few minutes."},{"@type":"type.googleapis.com/google.rpc.Help","links":[{"description":"Google developer console IAM admin","url":"https://console.developers.google.com/iam-admin/iam?project=famlee-dinner-374bd"}]}]}}
[debug] [2026-06-26T15:22:20.787Z] [iam] error while checking permissions, command may fail: Request to https://cloudresourcemanager.googleapis.com/v1/projects/famlee-dinner-374bd:testIamPermissions had HTTP Error: 403, Caller does not have required permission to use project famlee-dinner-374bd. Grant the caller the roles/serviceusage.serviceUsageConsumer role, or a custom role with the serviceusage.services.use permission, by visiting https://console.developers.google.com/iam-admin/iam?project=famlee-dinner-374bd and then retry. Propagation of the new permission may take a few minutes.
[debug] [2026-06-26T15:22:20.787Z] Checked if tokens are valid: true, expires at: 1782490939441
[debug] [2026-06-26T15:22:20.787Z] Checked if tokens are valid: true, expires at: 1782490939441
[debug] [2026-06-26T15:22:20.788Z] >>> [apiv2][query] GET https://firebase.googleapis.com/v1beta1/projects/famlee-dinner-374bd [none]
[debug] [2026-06-26T15:22:21.160Z] <<< [apiv2][status] GET https://firebase.googleapis.com/v1beta1/projects/famlee-dinner-374bd 403
[debug] [2026-06-26T15:22:21.160Z] <<< [apiv2][body] GET https://firebase.googleapis.com/v1beta1/projects/famlee-dinner-374bd {"error":{"code":403,"message":"The caller does not have permission","status":"PERMISSION_DENIED"}}
[debug] [2026-06-26T15:22:21.160Z] Request to https://firebase.googleapis.com/v1beta1/projects/famlee-dinner-374bd had HTTP Error: 403, The caller does not have permission
[debug] [2026-06-26T15:22:21.163Z] FirebaseError: Request to https://firebase.googleapis.com/v1beta1/projects/famlee-dinner-374bd had HTTP Error: 403, The caller does not have permission
    at responseToError (C:\Users\justi\AppData\Roaming\npm\node_modules\firebase-tools\lib\responseToError.js:53:12)
    at RetryOperation._fn (C:\Users\justi\AppData\Roaming\npm\node_modules\firebase-tools\lib\apiv2.js:333:77)
    at process.processTicksAndRejections (node:internal/process/task_queues:104:5)
[error] 
[error] Error: Failed to get Firebase project famlee-dinner-374bd. Please make sure the project exists and your account has permission to access it.
